#
# There is insufficient memory for the Java Runtime Environment to continue.
# Native memory allocation (mmap) failed to map 268435456 bytes. Error detail: G1 virtual space
# Possible reasons:
#   The system is out of physical RAM or swap space
#   This process is running with CompressedOops enabled, and the Java Heap may be blocking the growth of the native heap
# Possible solutions:
#   Reduce memory load on the system
#   Increase physical memory or swap space
#   Check if swap backing store is full
#   Decrease Java heap size (-Xmx/-Xms)
#   Decrease number of Java threads
#   Decrease Java thread stack sizes (-Xss)
#   Set larger code cache with -XX:ReservedCodeCacheSize=
#   JVM is running with Zero Based Compressed Oops mode in which the Java heap is
#     placed in the first 32GB address space. The Java Heap base address is the
#     maximum limit for the native heap growth. Please use -XX:HeapBaseMinAddress
#     to set the Java Heap base and to place the Java Heap above 32GB virtual address.
# This output file may be truncated or incomplete.
#
#  Out of Memory Error (os_windows.cpp:3703), pid=7120, tid=18016
#
# JRE version:  (23.0.1+11) (build )
# Java VM: Java HotSpot(TM) 64-Bit Server VM (23.0.1+11-39, mixed mode, sharing, tiered, compressed oops, compressed class ptrs, g1 gc, windows-amd64)
# No core dump will be written. Minidumps are not enabled by default on client versions of Windows
#

---------------  S U M M A R Y ------------

Command Line: -Dfile.encoding=UTF-8 --module-path=C:\Users\Administrator\Desktop\SK Management System\build\classes sk.management.system.Main

Host: Intel(R) Core(TM) i5-6500T CPU @ 2.50GHz, 4 cores, 15G,  Windows 10 , 64 bit Build 19041 (10.0.19041.5198)
Time: Thu Feb 13 00:22:24 2025 Taipei Standard Time elapsed time: 0.050428 seconds (0d 0h 0m 0s)

---------------  T H R E A D  ---------------

Current thread (0x0000022b137ed820):  JavaThread "Unknown thread" [_thread_in_vm, id=18016, stack(0x000000b45ce00000,0x000000b45cf00000) (1024K)]

Stack: [0x000000b45ce00000,0x000000b45cf00000]
Native frames: (J=compiled Java code, j=interpreted, Vv=VM code, C=native code)
V  [jvm.dll+0x6e08b9]  (no source info available)
V  [jvm.dll+0x87dc83]  (no source info available)
V  [jvm.dll+0x88010e]  (no source info available)
V  [jvm.dll+0x8807e3]  (no source info available)
V  [jvm.dll+0x27aee6]  (no source info available)
V  [jvm.dll+0x6dd1c5]  (no source info available)
V  [jvm.dll+0x6d104a]  (no source info available)
V  [jvm.dll+0x35b3ea]  (no source info available)
V  [jvm.dll+0x3637f6]  (no source info available)
V  [jvm.dll+0x34fd5e]  (no source info available)
V  [jvm.dll+0x34fff8]  (no source info available)
V  [jvm.dll+0x3289cc]  (no source info available)
V  [jvm.dll+0x32966e]  (no source info available)
V  [jvm.dll+0x844355]  (no source info available)
V  [jvm.dll+0x3b9848]  (no source info available)
V  [jvm.dll+0x82d14c]  (no source info available)
V  [jvm.dll+0x454d4e]  (no source info available)
V  [jvm.dll+0x456bd1]  (no source info available)
C  [jli.dll+0x52a3]  (no source info available)
C  [ucrtbase.dll+0x21bb2]  (no source info available)
C  [KERNEL32.DLL+0x17374]  (no source info available)
C  [ntdll.dll+0x4cc91]  (no source info available)

Lock stack of current Java thread (top to bottom):


---------------  P R O C E S S  ---------------

Threads class SMR info:
_java_thread_list=0x00007ff857693618, length=0, elements={
}

Java Threads: ( => current thread )
Total: 0

Other Threads:
  0x0000022b13854d60 WorkerThread "GC Thread#0"                     [id=1728, stack(0x000000b45cf00000,0x000000b45d000000) (1024K)]
  0x0000022b1386ac10 ConcurrentGCThread "G1 Main Marker"            [id=2564, stack(0x000000b45d000000,0x000000b45d100000) (1024K)]
  0x0000022b1386bdd0 WorkerThread "G1 Conc#0"                       [id=20060, stack(0x000000b45d100000,0x000000b45d200000) (1024K)]

[error occurred during error reporting (printing all threads), id 0xc0000005, EXCEPTION_ACCESS_VIOLATION (0xc0000005) at pc=0x00007ff856ddbfba]
VM state: not at safepoint (not fully initialized)

VM Mutex/Monitor currently owned by a thread:  ([mutex/lock_event])
[0x00007ff857713a10] Heap_lock - owner thread: 0x0000022b137ed820

Heap address: 0x0000000701e00000, size: 4066 MB, Compressed Oops mode: Zero based, Oop shift amount: 3

CDS archive(s) mapped at: [0x0000000000000000-0x0000000000000000-0x0000000000000000), size 0, SharedBaseAddress: 0x0000000800000000, ArchiveRelocationMode: 1.
Narrow klass base: 0x0000000000000000, Narrow klass shift: 0, Narrow klass range: 0x0

GC Precious Log:
 CardTable entry size: 512
 Card Set container configuration: InlinePtr #cards 4 size 8 Array Of Cards #cards 16 size 48 Howl #buckets 8 coarsen threshold 3686 Howl Bitmap #cards 512 size 80 coarsen threshold 460 Card regions per heap region 1 cards per card region 4096

Heap:
 garbage-first heap   total reserved 4163584K, committed 0K, used 0K [0x0000000701e00000, 0x0000000800000000)
  region size 2048K, 0 young (0K), 0 survivors (0K)

[error occurred during error reporting (printing heap information), id 0xc0000005, EXCEPTION_ACCESS_VIOLATION (0xc0000005) at pc=0x00007ff8571dc3c9]
GC Heap History (0 events):
No events

Dll operation events (1 events):
Event: 0.008 Loaded shared library C:\Program Files\Java\jdk-23\bin\java.dll

Deoptimization events (0 events):
No events

Classes loaded (0 events):
No events

Classes unloaded (0 events):
No events

Classes redefined (0 events):
No events

Internal exceptions (0 events):
No events

VM Operations (0 events):
No events

Memory protections (0 events):
No events

Nmethod flushes (0 events):
No events

Events (0 events):
No events


Dynamic libraries:
0x00007ff71b0c0000 - 0x00007ff71b0d0000 	C:\Program Files\Java\jdk-23\bin\java.exe
0x00007ff8a0770000 - 0x00007ff8a0968000 	C:\Windows\SYSTEM32\ntdll.dll
0x00007ff89f7e0000 - 0x00007ff89f8a2000 	C:\Windows\System32\KERNEL32.DLL
0x00007ff89dea0000 - 0x00007ff89e19f000 	C:\Windows\System32\KERNELBASE.dll
0x00007ff89e1a0000 - 0x00007ff89e2a0000 	C:\Windows\System32\ucrtbase.dll
0x00007ff897710000 - 0x00007ff89772b000 	C:\Program Files\Java\jdk-23\bin\VCRUNTIME140.dll
0x00007ff8976f0000 - 0x00007ff897707000 	C:\Program Files\Java\jdk-23\bin\jli.dll
0x00007ff89f640000 - 0x00007ff89f7dd000 	C:\Windows\System32\USER32.dll
0x00007ff89e510000 - 0x00007ff89e532000 	C:\Windows\System32\win32u.dll
0x00007ff8a05a0000 - 0x00007ff8a05cb000 	C:\Windows\System32\GDI32.dll
0x00007ff89e2a0000 - 0x00007ff89e3b7000 	C:\Windows\System32\gdi32full.dll
0x00007ff89e470000 - 0x00007ff89e50d000 	C:\Windows\System32\msvcp_win.dll
0x00007ff884ac0000 - 0x00007ff884d5a000 	C:\Windows\WinSxS\amd64_microsoft.windows.common-controls_6595b64144ccf1df_6.0.19041.4355_none_60b8b9eb71f62e16\COMCTL32.dll
0x00007ff89f390000 - 0x00007ff89f42e000 	C:\Windows\System32\msvcrt.dll
0x00007ff89fa60000 - 0x00007ff89fa8f000 	C:\Windows\System32\IMM32.DLL
0x00007ff8976e0000 - 0x00007ff8976ec000 	C:\Program Files\Java\jdk-23\bin\vcruntime140_1.dll
0x00007ff8637d0000 - 0x00007ff86385e000 	C:\Program Files\Java\jdk-23\bin\msvcp140.dll
0x00007ff856aa0000 - 0x00007ff8577ef000 	C:\Program Files\Java\jdk-23\bin\server\jvm.dll
0x00007ff8a03b0000 - 0x00007ff8a0461000 	C:\Windows\System32\ADVAPI32.dll
0x00007ff8a0690000 - 0x00007ff8a072f000 	C:\Windows\System32\sechost.dll
0x00007ff8a0470000 - 0x00007ff8a0593000 	C:\Windows\System32\RPCRT4.dll
0x00007ff89de00000 - 0x00007ff89de27000 	C:\Windows\System32\bcrypt.dll
0x00007ff89e890000 - 0x00007ff89e8fb000 	C:\Windows\System32\WS2_32.dll
0x00007ff89dc60000 - 0x00007ff89dcab000 	C:\Windows\SYSTEM32\POWRPROF.dll
0x00007ff898770000 - 0x00007ff89877a000 	C:\Windows\SYSTEM32\VERSION.dll
0x00007ff874110000 - 0x00007ff874137000 	C:\Windows\SYSTEM32\WINMM.dll
0x00007ff89dc40000 - 0x00007ff89dc52000 	C:\Windows\SYSTEM32\UMPDC.dll
0x00007ff89bca0000 - 0x00007ff89bcb2000 	C:\Windows\SYSTEM32\kernel.appcore.dll
0x00007ff897010000 - 0x00007ff89701a000 	C:\Program Files\Java\jdk-23\bin\jimage.dll
0x00007ff88aff0000 - 0x00007ff88b1d4000 	C:\Windows\SYSTEM32\DBGHELP.DLL
0x00007ff88a260000 - 0x00007ff88a294000 	C:\Windows\SYSTEM32\dbgcore.DLL
0x00007ff89e540000 - 0x00007ff89e5c2000 	C:\Windows\System32\bcryptPrimitives.dll
0x00007ff88a8b0000 - 0x00007ff88a8ce000 	C:\Program Files\Java\jdk-23\bin\java.dll
0x00007ff89e900000 - 0x00007ff89ea2b000 	C:\Windows\System32\ole32.dll
0x00007ff89ebb0000 - 0x00007ff89ef05000 	C:\Windows\System32\combase.dll
0x00007ff89faf0000 - 0x00007ff8a025e000 	C:\Windows\System32\SHELL32.dll

dbghelp: loaded successfully - version: 4.0.5 - missing functions: none
symbol engine: initialized successfully - sym options: 0x614 - pdb path: .;C:\Program Files\Java\jdk-23\bin;C:\Windows\SYSTEM32;C:\Windows\WinSxS\amd64_microsoft.windows.common-controls_6595b64144ccf1df_6.0.19041.4355_none_60b8b9eb71f62e16;C:\Program Files\Java\jdk-23\bin\server

VM Arguments:
jvm_args: -Dfile.encoding=UTF-8 --module-path=C:\Users\Administrator\Desktop\SK Management System\build\classes 
java_command: sk.management.system.Main
java_class_path (initial): C:\Users\Administrator\Desktop\SK Management System\lib\mysql-connector-j-9.1.0.jar;C:\Users\Administrator\Desktop\SK Management System\lib\gradient-icon-font.jar;C:\Users\Administrator\Desktop\SK Management System\lib\TimingFramework-0.55.jar;C:\Users\Administrator\Desktop\SK Management System\lib\miglayout-4.0.jar;C:\Users\Administrator\Desktop\java-ui-dashboard-011-main\build\classes;C:\Users\Administrator\Desktop\SK Management System\lib\absolutelayout\AbsoluteLayout.jar;C:\Users\Administrator\Desktop\SK Management System\build\classes
Launcher Type: SUN_STANDARD

[Global flags]
     intx CICompilerCount                          = 3                                         {product} {ergonomic}
     uint ConcGCThreads                            = 1                                         {product} {ergonomic}
     uint G1ConcRefinementThreads                  = 4                                         {product} {ergonomic}
   size_t G1HeapRegionSize                         = 2097152                                   {product} {ergonomic}
   size_t InitialHeapSize                          = 268435456                                 {product} {ergonomic}
   size_t MarkStackSize                            = 4194304                                   {product} {ergonomic}
   size_t MarkStackSizeMax                         = 536870912                                 {product} {ergonomic}
   size_t MaxHeapSize                              = 4263510016                                {product} {ergonomic}
   size_t MinHeapDeltaBytes                        = 2097152                                   {product} {ergonomic}
   size_t MinHeapSize                              = 8388608                                   {product} {ergonomic}
    uintx NonNMethodCodeHeapSize                   = 5832704                                {pd product} {ergonomic}
    uintx NonProfiledCodeHeapSize                  = 122945536                              {pd product} {ergonomic}
    uintx ProfiledCodeHeapSize                     = 122880000                              {pd product} {ergonomic}
    uintx ReservedCodeCacheSize                    = 251658240                              {pd product} {ergonomic}
     bool SegmentedCodeCache                       = true                                      {product} {ergonomic}
   size_t SoftMaxHeapSize                          = 4263510016                             {manageable} {ergonomic}
     bool UseCompressedOops                        = true                           {product lp64_product} {ergonomic}
     bool UseG1GC                                  = true                                      {product} {ergonomic}
     bool UseLargePagesIndividualAllocation        = false                                  {pd product} {ergonomic}

Logging:
Log output configuration:
 #0: stdout all=warning uptime,level,tags foldmultilines=false
 #1: stderr all=off uptime,level,tags foldmultilines=false

Environment Variables:
JAVA_HOME=C:\Program Files\Java\jdk-23
PATH=C:\Python312\Scripts\;C:\Python312\;C:\Windows\system32;C:\Windows;C:\Windows\System32\Wbem;C:\Windows\System32\WindowsPowerShell\v1.0\;C:\Windows\System32\OpenSSH\;C:\Program Files\nodejs\;C:\ProgramData\chocolatey\bin;C:\Program Files\Git\cmd;C:\Program Files\Microsoft SQL Server\150\Tools\Binn\;C:\Program Files\Java\jdk-23\bin;C:\Program Files\MySQL\MySQL Shell 8.0\bin\;C:\Users\Administrator\AppData\Local\Programs\Python\Python311\Scripts\;C:\Users\Administrator\AppData\Local\Programs\Python\Python311\;C:\Users\Administrator\AppData\Local\Programs\Python\Launcher\;C:\Users\Administrator\AppData\Local\Microsoft\WindowsApps;C:\Users\Administrator\AppData\Local\Programs\Microsoft VS Code\bin;C:\Users\Administrator\AppData\Roaming\npm;C:\Program Files\JetBrains\IntelliJ IDEA Community Edition 2024.3.1.1\bin;
USERNAME=Administrator
OS=Windows_NT
PROCESSOR_IDENTIFIER=Intel64 Family 6 Model 94 Stepping 3, GenuineIntel
TMP=C:\Users\ADMINI~1\AppData\Local\Temp
TEMP=C:\Users\ADMINI~1\AppData\Local\Temp




Periodic native trim disabled

---------------  S Y S T E M  ---------------

OS:
 Windows 10 , 64 bit Build 19041 (10.0.19041.5198)
OS uptime: 0 days 15:27 hours

CPU: total 4 (initial active 4) (4 cores per cpu, 1 threads per core) family 6 model 94 stepping 3 microcode 0xf0, cx8, cmov, fxsr, mmx, 3dnowpref, sse, sse2, sse3, ssse3, sse4.1, sse4.2, popcnt, lzcnt, tsc, tscinvbit, avx, avx2, aes, erms, clmul, bmi1, bmi2, rtm, adx, fma, vzeroupper, clflush, clflushopt, rdtscp, f16c
Processor Information for the first 4 processors :
  Max Mhz: 2496, Current Mhz: 2496, Mhz Limit: 2496

Memory: 4k page, system-wide physical 16259M (5586M free)
TotalPageFile size 17853M (AvailPageFile size 215M)
current process WorkingSet (physical memory assigned to process): 11M, peak: 11M
current process commit charge ("private bytes"): 52M, peak: 308M

vm_info: Java HotSpot(TM) 64-Bit Server VM (23.0.1+11-39) for windows-amd64 JRE (23.0.1+11-39), built on 2024-09-30T07:20:43Z with MS VC++ 17.6 (VS2022)

END.
